12-Jan-2019 10:16:06.831 INFO [main] org.apache.catalina.startup.VersionLoggerListener.log Server version:        Apache Tomcat/8.0.35
12-Jan-2019 10:16:06.832 INFO [main] org.apache.catalina.startup.VersionLoggerListener.log Server built:          May 11 2016 21:57:08 UTC
12-Jan-2019 10:16:06.832 INFO [main] org.apache.catalina.startup.VersionLoggerListener.log Server number:         8.0.35.0
12-Jan-2019 10:16:06.832 INFO [main] org.apache.catalina.startup.VersionLoggerListener.log OS Name:               Linux
12-Jan-2019 10:16:06.832 INFO [main] org.apache.catalina.startup.VersionLoggerListener.log OS Version:            4.4.0-138-generic
12-Jan-2019 10:16:06.832 INFO [main] org.apache.catalina.startup.VersionLoggerListener.log Architecture:          amd64
12-Jan-2019 10:16:06.832 INFO [main] org.apache.catalina.startup.VersionLoggerListener.log Java Home:             /usr/lib/jvm/java-7-openjdk-amd64/jre
12-Jan-2019 10:16:06.832 INFO [main] org.apache.catalina.startup.VersionLoggerListener.log JVM Version:           1.7.0_181-b01
12-Jan-2019 10:16:06.833 INFO [main] org.apache.catalina.startup.VersionLoggerListener.log JVM Vendor:            Oracle Corporation
12-Jan-2019 10:16:06.833 INFO [main] org.apache.catalina.startup.VersionLoggerListener.log CATALINA_BASE:         /usr/local/tomcat
12-Jan-2019 10:16:06.833 INFO [main] org.apache.catalina.startup.VersionLoggerListener.log CATALINA_HOME:         /usr/local/tomcat
12-Jan-2019 10:16:06.833 INFO [main] org.apache.catalina.startup.VersionLoggerListener.log Command line argument: -Djava.util.logging.config.file=/usr/local/tomcat/conf/logging.properties
12-Jan-2019 10:16:06.833 INFO [main] org.apache.catalina.startup.VersionLoggerListener.log Command line argument: -Djava.util.logging.manager=org.apache.juli.ClassLoaderLogManager
12-Jan-2019 10:16:06.833 INFO [main] org.apache.catalina.startup.VersionLoggerListener.log Command line argument: -Djdk.tls.ephemeralDHKeySize=2048
12-Jan-2019 10:16:06.833 INFO [main] org.apache.catalina.startup.VersionLoggerListener.log Command line argument: -Duser.timezone=America/New_York
12-Jan-2019 10:16:06.834 INFO [main] org.apache.catalina.startup.VersionLoggerListener.log Command line argument: -Djava.endorsed.dirs=/usr/local/tomcat/endorsed
12-Jan-2019 10:16:06.834 INFO [main] org.apache.catalina.startup.VersionLoggerListener.log Command line argument: -Dcatalina.base=/usr/local/tomcat
12-Jan-2019 10:16:06.834 INFO [main] org.apache.catalina.startup.VersionLoggerListener.log Command line argument: -Dcatalina.home=/usr/local/tomcat
12-Jan-2019 10:16:06.834 INFO [main] org.apache.catalina.startup.VersionLoggerListener.log Command line argument: -Djava.io.tmpdir=/usr/local/tomcat/temp
12-Jan-2019 10:16:06.834 INFO [main] org.apache.catalina.core.AprLifecycleListener.lifecycleEvent Loaded APR based Apache Tomcat Native library 1.2.7 using APR version 1.5.1.
12-Jan-2019 10:16:06.834 INFO [main] org.apache.catalina.core.AprLifecycleListener.lifecycleEvent APR capabilities: IPv6 [true], sendfile [true], accept filters [false], random [true].
12-Jan-2019 10:16:06.837 INFO [main] org.apache.catalina.core.AprLifecycleListener.initializeSSL OpenSSL successfully initialized (OpenSSL 1.0.2h  3 May 2016)
12-Jan-2019 10:16:06.938 INFO [main] org.apache.coyote.AbstractProtocol.init Initializing ProtocolHandler ["http-apr-8080"]
12-Jan-2019 10:16:06.950 INFO [main] org.apache.coyote.AbstractProtocol.init Initializing ProtocolHandler ["ajp-apr-8009"]
12-Jan-2019 10:16:06.953 INFO [main] org.apache.catalina.startup.Catalina.load Initialization processed in 600 ms
12-Jan-2019 10:16:06.982 INFO [main] org.apache.catalina.core.StandardService.startInternal Starting service Catalina
12-Jan-2019 10:16:06.982 INFO [main] org.apache.catalina.core.StandardEngine.startInternal Starting Servlet Engine: Apache Tomcat/8.0.35
12-Jan-2019 10:16:06.996 INFO [localhost-startStop-1] org.apache.catalina.startup.HostConfig.deployDirectory Deploying web application directory /usr/local/tomcat/webapps/rubbos
12-Jan-2019 10:16:07.610 INFO [localhost-startStop-1] org.apache.jasper.servlet.TldScanner.scanJars At least one JAR was scanned for TLDs yet contained no TLDs. Enable debug logging for this logger for a complete list of JARs that were scanned but no TLDs were found in them. Skipping unneeded JARs during scanning can improve startup time and JSP compilation time.
12-Jan-2019 10:16:07.663 INFO [localhost-startStop-1] org.apache.catalina.startup.HostConfig.deployDirectory Deployment of web application directory /usr/local/tomcat/webapps/rubbos has finished in 667 ms
12-Jan-2019 10:16:07.668 INFO [main] org.apache.coyote.AbstractProtocol.start Starting ProtocolHandler ["http-apr-8080"]
12-Jan-2019 10:16:07.681 INFO [main] org.apache.coyote.AbstractProtocol.start Starting ProtocolHandler ["ajp-apr-8009"]
12-Jan-2019 10:16:07.683 INFO [main] org.apache.catalina.startup.Catalina.start Server startup in 730 ms
